Using pre-set license
Built from '2021.3/staging' branch; Version is '2021.3.16f1 (4016570cf34f) revision 4200023'; Using compiler version '192829333'; Build Type 'Release'
OS: 'Windows 10  (10.0.19045) 64bit Education' Language: 'en' Physical Memory: 16207 MB
BatchMode: 1, IsHumanControllingUs: 0, StartBugReporterOnCrash: 0, Is64bit: 1, IsPro: 1

COMMAND LINE ARGUMENTS:
C:\Program Files\Unity\Hub\Editor\2021.3.16f1\Editor\Unity.exe
-adb2
-batchMode
-noUpm
-name
AssetImportWorker0
-projectPath
C:/Users/5924003803/GitHub/Unity-3D-Game/3DPlatformer
-logFile
Logs/AssetImportWorker0.log
-srvPort
55017
Successfully changed project path to: C:/Users/5924003803/GitHub/Unity-3D-Game/3DPlatformer
C:/Users/5924003803/GitHub/Unity-3D-Game/3DPlatformer
[UnityMemory] Configuration Parameters - Can be set up in boot.config
    "memorysetup-bucket-allocator-granularity=16"
    "memorysetup-bucket-allocator-bucket-count=8"
    "memorysetup-bucket-allocator-block-size=33554432"
    "memorysetup-bucket-allocator-block-count=8"
    "memorysetup-main-allocator-block-size=16777216"
    "memorysetup-thread-allocator-block-size=16777216"
    "memorysetup-gfx-main-allocator-block-size=16777216"
    "memorysetup-gfx-thread-allocator-block-size=16777216"
    "memorysetup-cache-allocator-block-size=4194304"
    "memorysetup-typetree-allocator-block-size=2097152"
    "memorysetup-profiler-bucket-allocator-granularity=16"
    "memorysetup-profiler-bucket-allocator-bucket-count=8"
    "memorysetup-profiler-bucket-allocator-block-size=33554432"
    "memorysetup-profiler-bucket-allocator-block-count=8"
    "memorysetup-profiler-allocator-block-size=16777216"
    "memorysetup-profiler-editor-allocator-block-size=1048576"
    "memorysetup-temp-allocator-size-main=16777216"
    "memorysetup-job-temp-allocator-block-size=2097152"
    "memorysetup-job-temp-allocator-block-size-background=1048576"
    "memorysetup-job-temp-allocator-reduction-small-platforms=262144"
    "memorysetup-temp-allocator-size-background-worker=32768"
    "memorysetup-temp-allocator-size-job-worker=262144"
    "memorysetup-temp-allocator-size-preload-manager=33554432"
    "memorysetup-temp-allocator-size-nav-mesh-worker=65536"
    "memorysetup-temp-allocator-size-audio-worker=65536"
    "memorysetup-temp-allocator-size-cloud-worker=32768"
    "memorysetup-temp-allocator-size-gi-baking-worker=262144"
    "memorysetup-temp-allocator-size-gfx=262144"
Player connection [9420] Host "[IP] 10.21.36.61 [Port] 0 [Flags] 2 [Guid] 1190881788 [EditorId] 1190881788 [Version] 1048832 [Id] WindowsEditor(7,CAIT-C8593Y2) [Debug] 1 [PackageName] WindowsEditor [ProjectName] Editor" joined multi-casting on [225.0.0.222:54997]...

Player connection [9420] Host "[IP] 10.21.36.61 [Port] 0 [Flags] 2 [Guid] 1190881788 [EditorId] 1190881788 [Version] 1048832 [Id] WindowsEditor(7,CAIT-C8593Y2) [Debug] 1 [PackageName] WindowsEditor [ProjectName] Editor" joined alternative multi-casting on [225.0.0.222:34997]...

Refreshing native plugins compatible for Editor in 86.48 ms, found 3 plugins.
Preloading 0 native plugins for Editor in 0.00 ms.
Initialize engine version: 2021.3.16f1 (4016570cf34f)
[Subsystems] Discovering subsystems at path C:/Program Files/Unity/Hub/Editor/2021.3.16f1/Editor/Data/Resources/UnitySubsystems
[Subsystems] Discovering subsystems at path C:/Users/5924003803/GitHub/Unity-3D-Game/3DPlatformer/Assets
GfxDevice: creating device client; threaded=0; jobified=0
Direct3D:
    Version:  Direct3D 11.0 [level 11.1]
    Renderer: AMD Radeon RX 550 (ID=0x699f)
    Vendor:   ATI
    VRAM:     4076 MB
    Driver:   30.0.13018.11001
Initialize mono
Mono path[0] = 'C:/Program Files/Unity/Hub/Editor/2021.3.16f1/Editor/Data/Managed'
Mono path[1] = 'C:/Program Files/Unity/Hub/Editor/2021.3.16f1/Editor/Data/MonoBleedingEdge/lib/mono/unityjit-win32'
Mono config path = 'C:/Program Files/Unity/Hub/Editor/2021.3.16f1/Editor/Data/MonoBleedingEdge/etc'
Using monoOptions --debugger-agent=transport=dt_socket,embedding=1,server=y,suspend=n,address=127.0.0.1:56084
Begin MonoManager ReloadAssembly
Registering precompiled unity dll's ...
Register platform support module: C:/Program Files/Unity/Hub/Editor/2021.3.16f1/Editor/Data/PlaybackEngines/WebGLSupport/UnityEditor.WebGL.Extensions.dll
Register platform support module: C:/Program Files/Unity/Hub/Editor/2021.3.16f1/Editor/Data/PlaybackEngines/WindowsStandaloneSupport/UnityEditor.WindowsStandalone.Extensions.dll
Registered in 0.009185 seconds.
Native extension for WindowsStandalone target not found
Native extension for WebGL target not found
Refreshing native plugins compatible for Editor in 81.39 ms, found 3 plugins.
Preloading 0 native plugins for Editor in 0.00 ms.
Mono: successfully reloaded assembly
- Completed reload, in  0.703 seconds
Domain Reload Profiling:
	ReloadAssembly (704ms)
		BeginReloadAssembly (95ms)
			ExecutionOrderSort (0ms)
			DisableScriptedObjects (0ms)
			BackupInstance (0ms)
			ReleaseScriptingObjects (0ms)
			CreateAndSetChildDomain (1ms)
		EndReloadAssembly (480ms)
			LoadAssemblies (92ms)
			RebuildTransferFunctionScriptingTraits (0ms)
			SetupTypeCache (108ms)
			ReleaseScriptCaches (0ms)
			RebuildScriptCaches (27ms)
			SetupLoadedEditorAssemblies (289ms)
				LogAssemblyErrors (0ms)
				InitializePlatformSupportModulesInManaged (10ms)
				SetLoadedEditorAssemblies (0ms)
				RefreshPlugins (81ms)
				BeforeProcessingInitializeOnLoad (1ms)
				ProcessInitializeOnLoadAttributes (149ms)
				ProcessInitializeOnLoadMethodAttributes (47ms)
				AfterProcessingInitializeOnLoad (0ms)
				EditorAssembliesLoaded (0ms)
			ExecutionOrderSort2 (0ms)
			AwakeInstancesAfterBackupRestoration (0ms)
Platform modules already initialized, skipping
Registering precompiled user dll's ...
Registered in 0.008554 seconds.
Begin MonoManager ReloadAssembly
Symbol file LoadedFromMemory doesn't match image C:\Users\5924003803\GitHub\Unity-3D-Game\3DPlatformer\Library\PackageCache\com.unity.visualscripting@1.7.8\Editor\VisualScripting.Core\Dependencies\YamlDotNet\Unity.VisualScripting.YamlDotNet.dll
Symbol file LoadedFromMemory doesn't match image C:\Users\5924003803\GitHub\Unity-3D-Game\3DPlatformer\Library\PackageCache\com.unity.visualscripting@1.7.8\Editor\VisualScripting.Core\Dependencies\DotNetZip\Unity.VisualScripting.IonicZip.dll
Native extension for WindowsStandalone target not found
Native extension for WebGL target not found
Refreshing native plugins compatible for Editor in 0.54 ms, found 3 plugins.
Preloading 0 native plugins for Editor in 0.00 ms.
Mono: successfully reloaded assembly
- Completed reload, in  1.133 seconds
Domain Reload Profiling:
	ReloadAssembly (1134ms)
		BeginReloadAssembly (129ms)
			ExecutionOrderSort (0ms)
			DisableScriptedObjects (7ms)
			BackupInstance (0ms)
			ReleaseScriptingObjects (0ms)
			CreateAndSetChildDomain (22ms)
		EndReloadAssembly (879ms)
			LoadAssemblies (101ms)
			RebuildTransferFunctionScriptingTraits (0ms)
			SetupTypeCache (284ms)
			ReleaseScriptCaches (1ms)
			RebuildScriptCaches (54ms)
			SetupLoadedEditorAssemblies (408ms)
				LogAssemblyErrors (0ms)
				InitializePlatformSupportModulesInManaged (7ms)
				SetLoadedEditorAssemblies (0ms)
				RefreshPlugins (1ms)
				BeforeProcessingInitializeOnLoad (96ms)
				ProcessInitializeOnLoadAttributes (270ms)
				ProcessInitializeOnLoadMethodAttributes (25ms)
				AfterProcessingInitializeOnLoad (10ms)
				EditorAssembliesLoaded (0ms)
			ExecutionOrderSort2 (0ms)
			AwakeInstancesAfterBackupRestoration (7ms)
Platform modules already initialized, skipping
========================================================================
Worker process is ready to serve import requests
Launched and connected shader compiler UnityShaderCompiler.exe after 0.06 seconds
Refreshing native plugins compatible for Editor in 0.54 ms, found 3 plugins.
Preloading 0 native plugins for Editor in 0.00 ms.
Unloading 3549 Unused Serialized files (Serialized files now loaded: 0)
Unloading 40 unused Assets / (184.1 KB). Loaded Objects now: 4012.
Memory consumption went from 124.7 MB to 124.6 MB.
Total: 3.127300 ms (FindLiveObjects: 0.299200 ms CreateObjectMapping: 0.243100 ms MarkObjects: 2.460700 ms  DeleteObjects: 0.123100 ms)

AssetImportParameters requested are different than current active one (requested -> active):
  custom:video-decoder-ogg-theora: a1e56fd34408186e4bbccfd4996cb3dc -> 
  custom:container-muxer-webm: aa71ff27fc2769a1b78a27578f13a17b -> 
  custom:container-demuxer-webm: 4f35f7cbe854078d1ac9338744f61a02 -> 
  custom:video-encoder-webm-vp8: eb34c28f22e8b96e1ab97ce403110664 -> 
  custom:audio-encoder-webm-vorbis: bf7c407c2cedff20999df2af8eb42d56 -> 
  custom:framework-win-MediaFoundation: 216162199b28c13a410421893ffa2e32 -> 
  custom:container-demuxer-ogg: 62fdf1f143b41e24485cea50d1cbac27 -> 
  custom:video-decoder-webm-vp8: 9c59270c3fd7afecdb556c50c9e8de78 -> 
  custom:audio-decoder-ogg-vorbis: bf7c407c2cedff20999df2af8eb42d56 -> 
========================================================================
Received Import Request.
  Time since last request: 15803.476104 seconds.
  path: Assets/Scenes/Tutorial.unity
  artifactKey: Guid(6bc34791357436344bfe9e62b3543494) Importer(815301076,1909f56bfc062723c751e8b465ee728b)
Start importing Assets/Scenes/Tutorial.unity using Guid(6bc34791357436344bfe9e62b3543494) Importer(815301076,1909f56bfc062723c751e8b465ee728b)  -> (artifact id: 'ef3102577477e7ef2cddafcc1edca9ec') in 0.052455 seconds 
========================================================================
Received Import Request.
  Time since last request: 0.968651 seconds.
  path: Assets/Scenes/PostOffice.unity
  artifactKey: Guid(cf1dc40d16c220640b2834648156f19d) Importer(815301076,1909f56bfc062723c751e8b465ee728b)
Start importing Assets/Scenes/PostOffice.unity using Guid(cf1dc40d16c220640b2834648156f19d) Importer(815301076,1909f56bfc062723c751e8b465ee728b)  -> (artifact id: 'e5b1e313bc947b9531d93702777d4df7') in 0.018736 seconds 
========================================================================
Received Import Request.
  Time since last request: 1.454231 seconds.
  path: Assets/Scenes/PostOffice 1.unity
  artifactKey: Guid(5b7ab3ee000dd53409c82556b4fc8084) Importer(815301076,1909f56bfc062723c751e8b465ee728b)
Start importing Assets/Scenes/PostOffice 1.unity using Guid(5b7ab3ee000dd53409c82556b4fc8084) Importer(815301076,1909f56bfc062723c751e8b465ee728b)  -> (artifact id: 'd26568992d71aa76a4d07ac7f24ac957') in 0.012331 seconds 
========================================================================
Received Import Request.
  Time since last request: 8.748990 seconds.
  path: Assets/Scenes/Tutorial.unity
  artifactKey: Guid(6bc34791357436344bfe9e62b3543494) Importer(815301076,1909f56bfc062723c751e8b465ee728b)
Start importing Assets/Scenes/Tutorial.unity using Guid(6bc34791357436344bfe9e62b3543494) Importer(815301076,1909f56bfc062723c751e8b465ee728b)  -> (artifact id: 'c8da027274871a74a2cb7051bb2b755a') in 0.013090 seconds 
========================================================================
Received Import Request.
  Time since last request: 5.909850 seconds.
  path: Assets/Scenes/PostOffice.unity
  artifactKey: Guid(5b7ab3ee000dd53409c82556b4fc8084) Importer(815301076,1909f56bfc062723c751e8b465ee728b)
Start importing Assets/Scenes/PostOffice.unity using Guid(5b7ab3ee000dd53409c82556b4fc8084) Importer(815301076,1909f56bfc062723c751e8b465ee728b)  -> (artifact id: '509f87845d7a15cfab78a29607f4a20f') in 0.002514 seconds 
========================================================================
Received Import Request.
  Time since last request: 72.379788 seconds.
  path: Assets/Scenes/SampleScene 1.unity
  artifactKey: Guid(06ef50112d9129f458243cff082ded23) Importer(815301076,1909f56bfc062723c751e8b465ee728b)
Start importing Assets/Scenes/SampleScene 1.unity using Guid(06ef50112d9129f458243cff082ded23) Importer(815301076,1909f56bfc062723c751e8b465ee728b)  -> (artifact id: '29999e5ef6e381a1edebdad050d4a834') in 0.012929 seconds 
========================================================================
Received Import Request.
  Time since last request: 4.510415 seconds.
  path: Assets/Scenes/Tutorial.unity
  artifactKey: Guid(06ef50112d9129f458243cff082ded23) Importer(815301076,1909f56bfc062723c751e8b465ee728b)
Start importing Assets/Scenes/Tutorial.unity using Guid(06ef50112d9129f458243cff082ded23) Importer(815301076,1909f56bfc062723c751e8b465ee728b)  -> (artifact id: 'b7615e67d73c3bc00a7df367121e4315') in 0.002468 seconds 
========================================================================
Received Import Request.
  Time since last request: 357.154698 seconds.
  path: Assets/Prefabs/CheckPoint.prefab
  artifactKey: Guid(444a84f2416e67440a3b9c266db8b310) Importer(815301076,1909f56bfc062723c751e8b465ee728b)
Start importing Assets/Prefabs/CheckPoint.prefab using Guid(444a84f2416e67440a3b9c266db8b310) Importer(815301076,1909f56bfc062723c751e8b465ee728b)  -> (artifact id: 'fe72334390d860fbc06e6138ea810e34') in 0.142745 seconds 
========================================================================
Received Import Request.
  Time since last request: 18.656545 seconds.
  path: Assets/Prefabs/EvilCubeTHAT IS ALSO A BULLET!!.prefab
  artifactKey: Guid(653f6f27c011fd64d98dbe127414607e) Importer(815301076,1909f56bfc062723c751e8b465ee728b)
Start importing Assets/Prefabs/EvilCubeTHAT IS ALSO A BULLET!!.prefab using Guid(653f6f27c011fd64d98dbe127414607e) Importer(815301076,1909f56bfc062723c751e8b465ee728b)  -> (artifact id: '0bb2329fb952954df236b64ffdeb92b1') in 0.019351 seconds 
========================================================================
Received Import Request.
  Time since last request: 3.769722 seconds.
  path: Assets/Prefabs/DeathTurret.prefab
  artifactKey: Guid(fdc6acbb631954e48ae757651e439acf) Importer(815301076,1909f56bfc062723c751e8b465ee728b)
Start importing Assets/Prefabs/DeathTurret.prefab using Guid(fdc6acbb631954e48ae757651e439acf) Importer(815301076,1909f56bfc062723c751e8b465ee728b)  -> (artifact id: 'a575f24e4a45cce975268601f2916a34') in 0.017830 seconds 
